<?xml version="1.0" encoding="UTF-8"?>
<!-- Generated by org.testng.reporters.JUnitXMLReporter -->
<testsuite ignored="0" hostname="DESKTOP-L4S0S29" failures="0" tests="6" name="new orbit hotel booking Test" time="141.716" errors="0" timestamp="2026-02-06T17:14:11 IST">
  <testcase classname="com.qa.neworbit.tests.HotelAlldetailPageTest" name="navigate" time="49.813"/>
  <testcase classname="com.qa.neworbit.tests.HotelAlldetailPageTest" name="titleverify" time="0.013"/>
  <testcase classname="com.qa.neworbit.tests.HotelAlldetailPageTest" name="roomcount" time="5.056"/>
  <testcase classname="com.qa.neworbit.tests.HotelAlldetailPageTest" name="lowestroomselection" time="5.669"/>
  <testcase classname="com.qa.neworbit.tests.HotelAlldetailPageTest" name="hotelbooking" time="35.858"/>
  <testcase classname="com.qa.neworbit.tests.HotelAlldetailPageTest" name="hotelbookingcancel" time="30.631"/>
</testsuite> <!-- new orbit hotel booking Test -->
