<?xml version="1.0" encoding="UTF-8"?>
<!-- Generated by org.testng.reporters.JUnitXMLReporter -->
<testsuite ignored="0" hostname="DESKTOP-L4S0S29" failures="0" tests="6" name="Default test" time="219.362" errors="0" timestamp="2026-01-03T19:18:13 IST">
  <testcase classname="com.qa.neworbit.tests.HotelAlldetailPageTest" name="navigate" time="67.293"/>
  <testcase classname="com.qa.neworbit.tests.HotelAlldetailPageTest" name="titleverify" time="0.01"/>
  <testcase classname="com.qa.neworbit.tests.HotelAlldetailPageTest" name="roomcount" time="5.054"/>
  <testcase classname="com.qa.neworbit.tests.HotelAlldetailPageTest" name="lowestroomselection" time="20.713"/>
  <testcase classname="com.qa.neworbit.tests.HotelAlldetailPageTest" name="hotelbooking" time="36.243"/>
  <testcase classname="com.qa.neworbit.tests.HotelAlldetailPageTest" name="hotelbookingcancel" time="64.998"/>
</testsuite> <!-- Default test -->
