<?xml version="1.0" encoding="UTF-8"?>
<testng-results ignored="0" total="6" passed="6" failed="0" skipped="0">
  <reporter-output>
  </reporter-output>
  <suite started-at="2026-01-06T06:47:05 IST" name="Default suite" finished-at="2026-01-06T06:50:49 IST" duration-ms="224220">
    <groups>
    </groups>
    <test started-at="2026-01-06T06:47:05 IST" name="Default test" finished-at="2026-01-06T06:50:49 IST" duration-ms="224220">
      <class name="com.qa.neworbit.tests.HotelAlldetailPageTest">
        <test-method is-config="true" signature="setup()[pri:0, instance:com.qa.neworbit.tests.HotelAlldetailPageTest@35d019a3]" started-at="2026-01-06T06:47:05 IST" name="setup" finished-at="2026-01-06T06:47:29 IST" duration-ms="24716" status="PASS">
          <reporter-output>
          </reporter-output>
        </test-method> <!-- setup -->
        <test-method signature="navigate()[pri:1, instance:com.qa.neworbit.tests.HotelAlldetailPageTest@35d019a3]" started-at="2026-01-06T06:47:29 IST" name="navigate" finished-at="2026-01-06T06:48:36 IST" duration-ms="66774" status="PASS">
          <reporter-output>
          </reporter-output>
        </test-method> <!-- navigate -->
        <test-method signature="titleverify()[pri:2, instance:com.qa.neworbit.tests.HotelAlldetailPageTest@35d019a3]" started-at="2026-01-06T06:48:36 IST" name="titleverify" finished-at="2026-01-06T06:48:36 IST" duration-ms="23" status="PASS">
          <reporter-output>
          </reporter-output>
        </test-method> <!-- titleverify -->
        <test-method signature="roomcount()[pri:3, instance:com.qa.neworbit.tests.HotelAlldetailPageTest@35d019a3]" started-at="2026-01-06T06:48:36 IST" name="roomcount" finished-at="2026-01-06T06:48:41 IST" duration-ms="5098" status="PASS">
          <reporter-output>
          </reporter-output>
        </test-method> <!-- roomcount -->
        <test-method signature="lowestroomselection()[pri:4, instance:com.qa.neworbit.tests.HotelAlldetailPageTest@35d019a3]" started-at="2026-01-06T06:48:41 IST" name="lowestroomselection" finished-at="2026-01-06T06:49:02 IST" duration-ms="20520" status="PASS">
          <reporter-output>
          </reporter-output>
        </test-method> <!-- lowestroomselection -->
        <test-method signature="hotelbooking()[pri:5, instance:com.qa.neworbit.tests.HotelAlldetailPageTest@35d019a3]" started-at="2026-01-06T06:49:02 IST" name="hotelbooking" finished-at="2026-01-06T06:49:39 IST" duration-ms="36824" status="PASS">
          <reporter-output>
          </reporter-output>
        </test-method> <!-- hotelbooking -->
        <test-method signature="hotelbookingcancel()[pri:6, instance:com.qa.neworbit.tests.HotelAlldetailPageTest@35d019a3]" started-at="2026-01-06T06:49:39 IST" name="hotelbookingcancel" finished-at="2026-01-06T06:50:48 IST" duration-ms="69352" status="PASS">
          <reporter-output>
          </reporter-output>
        </test-method> <!-- hotelbookingcancel -->
        <test-method is-config="true" signature="tearDown()[pri:0, instance:com.qa.neworbit.tests.HotelAlldetailPageTest@35d019a3]" started-at="2026-01-06T06:50:48 IST" name="tearDown" finished-at="2026-01-06T06:50:49 IST" duration-ms="759" status="PASS">
          <reporter-output>
          </reporter-output>
        </test-method> <!-- tearDown -->
      </class> <!-- com.qa.neworbit.tests.HotelAlldetailPageTest -->
    </test> <!-- Default test -->
  </suite> <!-- Default suite -->
</testng-results>
