<?xml version="1.0" encoding="UTF-8"?>
<testng-results ignored="0" total="6" passed="6" failed="0" skipped="0">
  <reporter-output>
  </reporter-output>
  <suite started-at="2026-01-03T19:14:33 IST" name="Default suite" finished-at="2026-01-03T19:18:13 IST" duration-ms="219362">
    <groups>
    </groups>
    <test started-at="2026-01-03T19:14:33 IST" name="Default test" finished-at="2026-01-03T19:18:13 IST" duration-ms="219362">
      <class name="com.qa.neworbit.tests.HotelAlldetailPageTest">
        <test-method is-config="true" signature="setup()[pri:0, instance:com.qa.neworbit.tests.HotelAlldetailPageTest@35d019a3]" started-at="2026-01-03T19:14:33 IST" name="setup" finished-at="2026-01-03T19:14:58 IST" duration-ms="24279" status="PASS">
          <reporter-output>
          </reporter-output>
        </test-method> <!-- setup -->
        <test-method signature="navigate()[pri:1, instance:com.qa.neworbit.tests.HotelAlldetailPageTest@35d019a3]" started-at="2026-01-03T19:14:58 IST" name="navigate" finished-at="2026-01-03T19:16:05 IST" duration-ms="67293" status="PASS">
          <reporter-output>
          </reporter-output>
        </test-method> <!-- navigate -->
        <test-method signature="titleverify()[pri:2, instance:com.qa.neworbit.tests.HotelAlldetailPageTest@35d019a3]" started-at="2026-01-03T19:16:05 IST" name="titleverify" finished-at="2026-01-03T19:16:05 IST" duration-ms="10" status="PASS">
          <reporter-output>
          </reporter-output>
        </test-method> <!-- titleverify -->
        <test-method signature="roomcount()[pri:3, instance:com.qa.neworbit.tests.HotelAlldetailPageTest@35d019a3]" started-at="2026-01-03T19:16:05 IST" name="roomcount" finished-at="2026-01-03T19:16:10 IST" duration-ms="5054" status="PASS">
          <reporter-output>
          </reporter-output>
        </test-method> <!-- roomcount -->
        <test-method signature="lowestroomselection()[pri:4, instance:com.qa.neworbit.tests.HotelAlldetailPageTest@35d019a3]" started-at="2026-01-03T19:16:10 IST" name="lowestroomselection" finished-at="2026-01-03T19:16:31 IST" duration-ms="20713" status="PASS">
          <reporter-output>
          </reporter-output>
        </test-method> <!-- lowestroomselection -->
        <test-method signature="hotelbooking()[pri:5, instance:com.qa.neworbit.tests.HotelAlldetailPageTest@35d019a3]" started-at="2026-01-03T19:16:31 IST" name="hotelbooking" finished-at="2026-01-03T19:17:07 IST" duration-ms="36243" status="PASS">
          <reporter-output>
          </reporter-output>
        </test-method> <!-- hotelbooking -->
        <test-method signature="hotelbookingcancel()[pri:6, instance:com.qa.neworbit.tests.HotelAlldetailPageTest@35d019a3]" started-at="2026-01-03T19:17:07 IST" name="hotelbookingcancel" finished-at="2026-01-03T19:18:12 IST" duration-ms="64998" status="PASS">
          <reporter-output>
          </reporter-output>
        </test-method> <!-- hotelbookingcancel -->
        <test-method is-config="true" signature="tearDown()[pri:0, instance:com.qa.neworbit.tests.HotelAlldetailPageTest@35d019a3]" started-at="2026-01-03T19:18:12 IST" name="tearDown" finished-at="2026-01-03T19:18:13 IST" duration-ms="681" status="PASS">
          <reporter-output>
          </reporter-output>
        </test-method> <!-- tearDown -->
      </class> <!-- com.qa.neworbit.tests.HotelAlldetailPageTest -->
    </test> <!-- Default test -->
  </suite> <!-- Default suite -->
</testng-results>
