<?xml version="1.0" encoding="UTF-8"?>
<!-- Generated by org.testng.reporters.JUnitReportReporter -->
<testsuite hostname="DESKTOP-L4S0S29" failures="0" tests="4" name="com.qa.neworbit.tests.SearchResultPageTest" time="93.212" errors="0" timestamp="2025-12-19T16:05:24 IST" skipped="0">
  <testcase classname="com.qa.neworbit.tests.SearchResultPageTest" name="navigate" time="12.690"/>
  <testcase classname="com.qa.neworbit.tests.SearchResultPageTest" name="titleverify" time="0.021"/>
  <testcase classname="com.qa.neworbit.tests.SearchResultPageTest" name="hotelcount" time="20.051"/>
  <testcase classname="com.qa.neworbit.tests.SearchResultPageTest" name="selecthotel" time="60.450"/>
</testsuite> <!-- com.qa.neworbit.tests.SearchResultPageTest -->
