<?xml version="1.0" encoding="UTF-8"?>
<!-- Generated by org.testng.reporters.JUnitReportReporter -->
<testsuite hostname="DESKTOP-L4S0S29" failures="0" tests="4" name="com.qa.neworbit.tests.SearchResultPageTest" time="100.261" errors="0" timestamp="2026-02-05T00:14:41 IST" skipped="0">
  <testcase classname="com.qa.neworbit.tests.SearchResultPageTest" name="navigate" time="19.390"/>
  <testcase classname="com.qa.neworbit.tests.SearchResultPageTest" name="titleverify" time="0.040"/>
  <testcase classname="com.qa.neworbit.tests.SearchResultPageTest" name="hotelcount" time="20.130"/>
  <testcase classname="com.qa.neworbit.tests.SearchResultPageTest" name="selecthotel" time="60.701"/>
</testsuite> <!-- com.qa.neworbit.tests.SearchResultPageTest -->
