<?xml version="1.0" encoding="UTF-8"?>
<!-- Generated by org.testng.reporters.JUnitReportReporter -->
<testsuite hostname="DESKTOP-L4S0S29" failures="0" tests="3" name="com.qa.neworbit.tests.DashboardPageTest" time="42.168" errors="0" timestamp="2026-02-06T17:43:33 IST" skipped="0">
  <testcase classname="com.qa.neworbit.tests.DashboardPageTest" name="NavigateToDashboardPage" time="15.881"/>
  <testcase classname="com.qa.neworbit.tests.DashboardPageTest" name="TitleverifyDashboard" time="0.038"/>
  <testcase classname="com.qa.neworbit.tests.DashboardPageTest" name="Dosearch" time="26.249"/>
</testsuite> <!-- com.qa.neworbit.tests.DashboardPageTest -->
