<?xml version="1.0" encoding="UTF-8"?>
<!-- Generated by org.testng.reporters.JUnitReportReporter -->
<testsuite hostname="DESKTOP-L4S0S29" failures="0" tests="6" name="com.qa.neworbit.tests.HotelAlldetailPageTest" time="138.687" errors="0" timestamp="2026-02-06T17:43:33 IST" skipped="0">
  <testcase classname="com.qa.neworbit.tests.HotelAlldetailPageTest" name="navigate" time="60.985"/>
  <testcase classname="com.qa.neworbit.tests.HotelAlldetailPageTest" name="titleverify" time="0.016"/>
  <testcase classname="com.qa.neworbit.tests.HotelAlldetailPageTest" name="roomcount" time="5.074"/>
  <testcase classname="com.qa.neworbit.tests.HotelAlldetailPageTest" name="lowestroomselection" time="5.654"/>
  <testcase classname="com.qa.neworbit.tests.HotelAlldetailPageTest" name="hotelbooking" time="35.857"/>
  <testcase classname="com.qa.neworbit.tests.HotelAlldetailPageTest" name="hotelbookingcancel" time="31.101"/>
</testsuite> <!-- com.qa.neworbit.tests.HotelAlldetailPageTest -->
