<?xml version="1.0" encoding="UTF-8"?>
<!-- Generated by org.testng.reporters.JUnitReportReporter -->
<testsuite hostname="DESKTOP-L4S0S29" failures="0" tests="6" name="com.qa.neworbit.tests.HotelAlldetailPageTest" time="136.373" errors="0" timestamp="2026-04-21T13:52:56 IST" skipped="0">
  <testcase classname="com.qa.neworbit.tests.HotelAlldetailPageTest" name="navigate" time="55.179"/>
  <testcase classname="com.qa.neworbit.tests.HotelAlldetailPageTest" name="titleverify" time="0.012"/>
  <testcase classname="com.qa.neworbit.tests.HotelAlldetailPageTest" name="roomcount" time="5.091"/>
  <testcase classname="com.qa.neworbit.tests.HotelAlldetailPageTest" name="lowestroomselection" time="6.572"/>
  <testcase classname="com.qa.neworbit.tests.HotelAlldetailPageTest" name="hotelbooking" time="37.269"/>
  <testcase classname="com.qa.neworbit.tests.HotelAlldetailPageTest" name="hotelbookingcancel" time="32.250"/>
</testsuite> <!-- com.qa.neworbit.tests.HotelAlldetailPageTest -->
