<?xml version="1.0" encoding="UTF-8"?>
<!-- Generated by org.testng.reporters.JUnitReportReporter -->
<testsuite hostname="DESKTOP-L4S0S29" failures="0" tests="3" name="com.qa.neworbit.tests.DashboardPageTest" time="43.116" errors="0" timestamp="2026-02-05T00:04:05 IST" skipped="0">
  <testcase classname="com.qa.neworbit.tests.DashboardPageTest" name="NavigateToDashboardPage" time="20.489"/>
  <testcase classname="com.qa.neworbit.tests.DashboardPageTest" name="TitleverifyDashboard" time="0.015"/>
  <testcase classname="com.qa.neworbit.tests.DashboardPageTest" name="Dosearch" time="22.612"/>
</testsuite> <!-- com.qa.neworbit.tests.DashboardPageTest -->
