<?xml version="1.0" encoding="UTF-8"?>
<!-- Generated by org.testng.reporters.JUnitReportReporter -->
<testsuite hostname="DESKTOP-L4S0S29" failures="0" tests="2" name="com.qa.neworbit.tests.LoginPageTest" time="12.672" errors="0" timestamp="2026-02-06T17:43:33 IST" skipped="0">
  <testcase classname="com.qa.neworbit.tests.LoginPageTest" name="Title" time="0.056"/>
  <testcase classname="com.qa.neworbit.tests.LoginPageTest" name="Testlogin" time="12.616"/>
</testsuite> <!-- com.qa.neworbit.tests.LoginPageTest -->
