<?xml version="1.0" encoding="UTF-8"?>
<!-- Generated by org.testng.reporters.JUnitReportReporter -->
<testsuite hostname="DESKTOP-L4S0S29" failures="0" tests="2" name="com.qa.neworbit.tests.LoginPageTest" time="6.387" errors="0" timestamp="2026-02-13T13:28:43 IST" skipped="0">
  <testcase classname="com.qa.neworbit.tests.LoginPageTest" name="Testlogin" time="6.366"/>
  <testcase classname="com.qa.neworbit.tests.LoginPageTest" name="Title" time="0.021"/>
</testsuite> <!-- com.qa.neworbit.tests.LoginPageTest -->
